<?xml version="1.0" encoding="UTF-8"?>
<!-- Generated by org.testng.reporters.JUnitReportReporter -->
<testsuite hostname="Vivek" failures="0" tests="8" name="UserModules.RegisterUser.RegisterMultipleUserTest" time="26.934" errors="0" timestamp="2023-09-29T14:30:29 IST" skipped="0">
  <testcase classname="UserModules.RegisterUser.RegisterMultipleUserTest" name="registerAsUserTest" time="3.338"/>
  <system-out>
    <![CDATA[Test Script Passed: Register account page is display.]]>
  </system-out>
  <testcase classname="UserModules.RegisterUser.RegisterMultipleUserTest" name="registerAsUserTest" time="3.649"/>
  <system-out>
    <![CDATA[Test Script Passed: Register account page is display.]]>
  </system-out>
  <testcase classname="UserModules.RegisterUser.RegisterMultipleUserTest" name="registerAsUserTest" time="3.280"/>
  <system-out>
    <![CDATA[Test Script Passed: Register account page is display.]]>
  </system-out>
  <testcase classname="UserModules.RegisterUser.RegisterMultipleUserTest" name="registerAsUserTest" time="3.567"/>
  <system-out>
    <![CDATA[Test Script Passed: Register account page is display.]]>
  </system-out>
  <testcase classname="UserModules.RegisterUser.RegisterMultipleUserTest" name="registerAsUserTest" time="3.632"/>
  <system-out>
    <![CDATA[Test Script Passed: Register account page is display.]]>
  </system-out>
  <testcase classname="UserModules.RegisterUser.RegisterMultipleUserTest" name="registerAsUserTest" time="3.308"/>
  <system-out>
    <![CDATA[Test Script Passed: Register account page is display.]]>
  </system-out>
  <testcase classname="UserModules.RegisterUser.RegisterMultipleUserTest" name="registerAsUserTest" time="3.055"/>
  <system-out>
    <![CDATA[Test Script Passed: Register account page is display.]]>
  </system-out>
  <testcase classname="UserModules.RegisterUser.RegisterMultipleUserTest" name="registerAsUserTest" time="3.105"/>
  <system-out>
    <![CDATA[Test Script Passed: Register account page is display.]]>
  </system-out>
</testsuite> <!-- UserModules.RegisterUser.RegisterMultipleUserTest -->
