<?xml version="1.0" encoding="UTF-8"?>
<!-- Generated by org.testng.reporters.JUnitReportReporter -->
<testsuite hostname="Vivek" failures="0" tests="1" name="UserModuleBrowseProducts.NavigateCategoriesTest" time="8.164" errors="0" timestamp="2023-10-01T15:07:17 IST" skipped="0">
  <testcase classname="UserModuleBrowseProducts.NavigateCategoriesTest" name="navigateToComponentsWebCameras" time="8.164"/>
  <system-out>
    <![CDATA[Web Cameras page is display.]]>
  </system-out>
</testsuite> <!-- UserModuleBrowseProducts.NavigateCategoriesTest -->
