<?xml version="1.0" encoding="UTF-8"?>
<!-- Generated by org.testng.reporters.JUnitReportReporter -->
<testsuite hostname="Vivek" failures="0" tests="1" name="UserModule.login.UserTest" time="6.944" errors="0" timestamp="2023-09-30T15:54:29 IST" skipped="0">
  <testcase classname="UserModule.login.UserTest" name="test" time="6.944"/>
  <system-out/>
</testsuite> <!-- UserModule.login.UserTest -->
