<?xml version="1.0" encoding="UTF-8"?>
<!-- Generated by org.testng.reporters.JUnitReportReporter -->
<testsuite hostname="Vivek" failures="0" tests="1" name="UserModules.RegisterUser.RegisterAsUserTest" time="7.304" errors="0" timestamp="2023-09-29T14:41:25 IST" skipped="0">
  <testcase classname="UserModules.RegisterUser.RegisterAsUserTest" name="registerAsUserTest" time="7.304"/>
  <system-out>
    <![CDATA[Test Script Passed: Register account page is display.
Firstname is entered properly.
Lastname is entered properly.
Email is entered properly.
Password is entered properly.
Subscribe toggle button is selected
Privacy Policy toggle button is selected]]>
  </system-out>
</testsuite> <!-- UserModules.RegisterUser.RegisterAsUserTest -->
