<?xml version="1.0" encoding="UTF-8"?>
<!-- Generated by org.testng.reporters.JUnitReportReporter -->
<testsuite hostname="Vivek" failures="0" tests="8" name="UserModules.RegisterUser.RegisterMultipleUserTest" time="56.040" errors="0" timestamp="2023-09-29T14:40:16 IST" skipped="0">
  <testcase classname="UserModules.RegisterUser.RegisterMultipleUserTest" name="registerAsUserTest" time="7.394"/>
  <system-out>
    <![CDATA[Test Script Passed: Register account page is display.]]>
  </system-out>
  <testcase classname="UserModules.RegisterUser.RegisterMultipleUserTest" name="registerAsUserTest" time="6.914"/>
  <system-out>
    <![CDATA[Test Script Passed: Register account page is display.]]>
  </system-out>
  <testcase classname="UserModules.RegisterUser.RegisterMultipleUserTest" name="registerAsUserTest" time="7.153"/>
  <system-out>
    <![CDATA[Test Script Passed: Register account page is display.]]>
  </system-out>
  <testcase classname="UserModules.RegisterUser.RegisterMultipleUserTest" name="registerAsUserTest" time="5.843"/>
  <system-out>
    <![CDATA[Test Script Passed: Register account page is display.]]>
  </system-out>
  <testcase classname="UserModules.RegisterUser.RegisterMultipleUserTest" name="registerAsUserTest" time="7.358"/>
  <system-out>
    <![CDATA[Test Script Passed: Register account page is display.]]>
  </system-out>
  <testcase classname="UserModules.RegisterUser.RegisterMultipleUserTest" name="registerAsUserTest" time="7.414"/>
  <system-out>
    <![CDATA[Test Script Passed: Register account page is display.]]>
  </system-out>
  <testcase classname="UserModules.RegisterUser.RegisterMultipleUserTest" name="registerAsUserTest" time="7.303"/>
  <system-out>
    <![CDATA[Test Script Passed: Register account page is display.]]>
  </system-out>
  <testcase classname="UserModules.RegisterUser.RegisterMultipleUserTest" name="registerAsUserTest" time="6.661"/>
  <system-out>
    <![CDATA[Test Script Passed: Register account page is display.]]>
  </system-out>
</testsuite> <!-- UserModules.RegisterUser.RegisterMultipleUserTest -->
