<?xml version="1.0" encoding="UTF-8"?>
<!-- Generated by org.testng.reporters.JUnitReportReporter -->
<testsuite hostname="Vivek" failures="0" tests="1" name="UserModule.ProductDetailsPage.ProductDetailPageTest" time="9.351" errors="0" timestamp="2023-10-04T20:24:20 IST" skipped="0">
  <testcase classname="UserModule.ProductDetailsPage.ProductDetailPageTest" name="productDetailPageTest" time="9.351"/>
  <system-out>
    <![CDATA[Search product page is display
Apple Cinema 30 page is display.
Apple Cinema 30 Title display]]>
  </system-out>
</testsuite> <!-- UserModule.ProductDetailsPage.ProductDetailPageTest -->
