<?xml version="1.0" encoding="UTF-8"?>
<!-- Generated by org.testng.reporters.JUnitReportReporter -->
<testsuite hostname="Vivek" failures="0" tests="18" name="UserModuleBrowseProducts.NavigateCategoriesTest" time="142.748" errors="0" timestamp="2023-10-01T15:11:54 IST" skipped="0">
  <testcase classname="UserModuleBrowseProducts.NavigateCategoriesTest" name="navigateToComponentsMonitors" time="8.026"/>
  <system-out>
    <![CDATA[Monitors page is display.]]>
  </system-out>
  <testcase classname="UserModuleBrowseProducts.NavigateCategoriesTest" name="navigateToDekstopsMac" time="8.027"/>
  <system-out>
    <![CDATA[Dekstop mac page is display.]]>
  </system-out>
  <testcase classname="UserModuleBrowseProducts.NavigateCategoriesTest" name="navigateToComponentsPrinters" time="7.915"/>
  <system-out>
    <![CDATA[Printers page is display.]]>
  </system-out>
  <testcase classname="UserModuleBrowseProducts.NavigateCategoriesTest" name="navigateToLaptopsAndNotebooksWindows" time="7.949"/>
  <system-out>
    <![CDATA[Windows page is display]]>
  </system-out>
  <testcase classname="UserModuleBrowseProducts.NavigateCategoriesTest" name="navigateToCameras" time="8.289"/>
  <system-out>
    <![CDATA[Cameras page is display.]]>
  </system-out>
  <testcase classname="UserModuleBrowseProducts.NavigateCategoriesTest" name="navigateToLaptopsAndNotebooksShowAllLaptopsAndNotebooks" time="8.003"/>
  <system-out>
    <![CDATA[Laptops & Notebook page is display]]>
  </system-out>
  <testcase classname="UserModuleBrowseProducts.NavigateCategoriesTest" name="navigateToComponentsWebCameras" time="7.980"/>
  <system-out>
    <![CDATA[Web Cameras page is display.]]>
  </system-out>
  <testcase classname="UserModuleBrowseProducts.NavigateCategoriesTest" name="navigateToPhonesAndPDAs" time="7.678"/>
  <system-out>
    <![CDATA[Phones & PDAs page is display.]]>
  </system-out>
  <testcase classname="UserModuleBrowseProducts.NavigateCategoriesTest" name="navigateToComponentsMiceAndTrackballs" time="7.797"/>
  <system-out>
    <![CDATA[Mice and Trackballs page is display.]]>
  </system-out>
  <testcase classname="UserModuleBrowseProducts.NavigateCategoriesTest" name="navigateToComponentsShowAllComponents" time="8.020"/>
  <system-out>
    <![CDATA[Show all components page is display.]]>
  </system-out>
  <testcase classname="UserModuleBrowseProducts.NavigateCategoriesTest" name="navigateToLaptopsAndNotebooksMac" time="7.959"/>
  <system-out>
    <![CDATA[Macs page is display]]>
  </system-out>
  <testcase classname="UserModuleBrowseProducts.NavigateCategoriesTest" name="navigateToComponentsScanners" time="8.100"/>
  <system-out>
    <![CDATA[Scanners page is display.]]>
  </system-out>
  <testcase classname="UserModuleBrowseProducts.NavigateCategoriesTest" name="navigateToHomePage" time="7.432"/>
  <system-out/>
  <testcase classname="UserModuleBrowseProducts.NavigateCategoriesTest" name="navigateToDekstopsPC" time="7.937"/>
  <system-out>
    <![CDATA[Dekstop PC page is display.]]>
  </system-out>
  <testcase classname="UserModuleBrowseProducts.NavigateCategoriesTest" name="navigateToSoftware" time="7.965"/>
  <system-out>
    <![CDATA[Software page is display.]]>
  </system-out>
  <testcase classname="UserModuleBrowseProducts.NavigateCategoriesTest" name="navigateToDekstopsShowAllDekstops" time="8.045"/>
  <system-out>
    <![CDATA[Show all dekstops  page is display.]]>
  </system-out>
  <testcase classname="UserModuleBrowseProducts.NavigateCategoriesTest" name="navigateToTablets" time="7.862"/>
  <system-out>
    <![CDATA[Tablets page is display.]]>
  </system-out>
  <testcase classname="UserModuleBrowseProducts.NavigateCategoriesTest" name="navigateToMP3Players" time="7.764"/>
  <system-out>
    <![CDATA[MP3 Players page is display.]]>
  </system-out>
</testsuite> <!-- UserModuleBrowseProducts.NavigateCategoriesTest -->
